09/May/2026:22:04:04 +0000 => POST /api/usagers 201 - 1626.537 ms
09/May/2026:22:06:15 +0000 => GET /api/usagers/cle 500 - 0.403 ms
09/May/2026:22:07:07 +0000 => GET /api/usagers/cle?courriel%20=maximev07@icloud.com&mot_de_passe%20=qwerty1234&nouvelle=0 500 - 0.317 ms
09/May/2026:22:07:09 +0000 => GET /api/usagers/cle?courriel%20=maximev07@icloud.com&mot_de_passe%20=qwerty1234&nouvelle=0 500 - 0.252 ms
09/May/2026:22:07:25 +0000 => GET /api/usagers/cle?courriel%20=maximev07@icloud.com&mot_de_passe%20=qwerty1234&nouvelle=1 500 - 0.298 ms
09/May/2026:22:09:12 +0000 => GET /api/usagers/cle 401 - 1102.376 ms
09/May/2026:22:09:33 +0000 => GET /api/usagers/cle 401 - 1011.307 ms
09/May/2026:22:13:59 +0000 => GET /api/usagers/cle?courriel=maximev07%40icloud.com&mot_de_passe=qwerty1234&nouvelle=1 500 - 0.428 ms
09/May/2026:22:14:05 +0000 => GET /api/usagers/cle?courriel=maximev07%40icloud.com&mot_de_passe=qwerty1234&nouvelle=1 500 - 0.538 ms
09/May/2026:22:14:05 +0000 => GET /favicon.ico 404 - 0.255 ms
09/May/2026:22:18:25 +0000 => GET /api/usagers/cle 401 - 1514.564 ms
09/May/2026:22:20:41 +0000 => GET /api/usagers/cle 400 - 1.261 ms
09/May/2026:22:21:12 +0000 => GET /api/usagers/cle?courriel=maximev07%40icloud.com&mot_de_passe=qwerty1234&nouvelle=1 400 - 0.283 ms
09/May/2026:22:21:21 +0000 => GET /api/usagers/cle?courriel=maximev07%40icloud.com&mot_de_passe=qwerty1234&nouvelle=1 400 - 0.166 ms
09/May/2026:22:24:25 +0000 => GET /api/usagers/cle?courriel=maximev07%40icloud.com&mot_de_passe=qwerty1234&nouvelle=1 400 - 1.379 ms
09/May/2026:22:24:26 +0000 => GET /api/usagers/cle?courriel=maximev07%40icloud.com&mot_de_passe=qwerty1234&nouvelle=1 400 - 0.319 ms
09/May/2026:22:24:30 +0000 => GET /api/usagers/cle?courriel=maximev07%40icloud.com&mot_de_passe=qwerty1234&nouvelle=1 500 - 1.796 ms
09/May/2026:22:24:32 +0000 => GET /api/usagers/cle?courriel=maximev07%40icloud.com&mot_de_passe=qwerty1234&nouvelle=1 500 - 0.681 ms
09/May/2026:22:24:48 +0000 => GET /api/usagers/cle?courriel=maximev07%40icloud.com&mot_de_passe=qwerty1234&nouvelle=1 500 - 1.038 ms
09/May/2026:22:25:06 +0000 => POST /api/usagers/cle?courriel=maximev07%40icloud.com&mot_de_passe=qwerty1234&nouvelle=1 401 - 0.202 ms
09/May/2026:22:27:28 +0000 => POST /api/usagers 201 - 1572.868 ms
09/May/2026:22:27:49 +0000 => POST /api/usagers/cle?courriel=maximev07@icloud.com&mot_de_passe=qwerty1234&nouvelle=1 401 - 0.431 ms
09/May/2026:22:29:46 +0000 => POST /api/usagers/cle 401 - 1.500 ms
09/May/2026:22:31:50 +0000 => POST /api/usagers/cle 401 - 0.217 ms
09/May/2026:22:31:54 +0000 => POST /api/usagers/cle 401 - 0.168 ms
09/May/2026:22:36:18 +0000 => GET /api/usagers/cle?courriel=maximev07%40icloud.com&mot_de_passe=qwerty1234&nouvelle=1 500 - 1.376 ms
09/May/2026:22:37:21 +0000 => GET /api/livres 401 - 0.128 ms
09/May/2026:22:37:30 +0000 => GET /api/livres? 401 - 0.119 ms
09/May/2026:22:39:19 +0000 => GET /api/livres - - - ms
09/May/2026:22:39:22 +0000 => GET /api/livres?Authorization=2436836@etudiant.cegepvicto.ca 401 - 0.127 ms
09/May/2026:22:39:51 +0000 => GET /api/livres?Authorization=5751e60e-efca-4ac3-ab3e-daea63d5d63e 401 - 0.103 ms
09/May/2026:22:39:52 +0000 => GET /api/livres?Authorization=5751e60e-efca-4ac3-ab3e-daea63d5d63e 401 - 0.121 ms
09/May/2026:22:40:53 +0000 => GET /api/livres 401 - 0.093 ms
09/May/2026:22:40:57 +0000 => GET /api/livres?x-api-key=5751e60e-efca-4ac3-ab3e-daea63d5d63e 401 - 0.809 ms
09/May/2026:22:41:58 +0000 => GET /api/livres 401 - 1017.313 ms
09/May/2026:22:41:59 +0000 => GET /api/livres 401 - 137.272 ms
09/May/2026:22:42:56 +0000 => GET /api/livres 401 - 1031.926 ms
09/May/2026:22:45:27 +0000 => GET /api/livres 401 - 0.091 ms
09/May/2026:22:45:36 +0000 => GET /api/livres 401 - 0.158 ms
09/May/2026:22:46:22 +0000 => GET /api/livres 401 - 1123.727 ms
09/May/2026:22:46:31 +0000 => GET /api/livres 401 - 141.706 ms
09/May/2026:22:47:11 +0000 => GET /api/livres 200 - 1363.282 ms
09/May/2026:22:49:16 +0000 => GET /api/livres 401 - 0.136 ms
09/May/2026:22:52:42 +0000 => GET /api/livres - - - ms
09/May/2026:22:52:46 +0000 => GET /api/livres 401 - 149.220 ms
09/May/2026:22:55:54 +0000 => GET /api/livres 500 - 1055.525 ms
09/May/2026:22:58:02 +0000 => POST /api/usagers 500 - 1483.180 ms
09/May/2026:22:59:06 +0000 => POST /api/usagers/cle 404 - 1075.157 ms
09/May/2026:22:59:20 +0000 => GET /api/livres 200 - 1662.647 ms
09/May/2026:22:59:38 +0000 => GET /api/usagers/cle 500 - 1053.943 ms
09/May/2026:23:05:49 +0000 => POST /api/usagers 500 - 1448.597 ms
09/May/2026:23:05:52 +0000 => GET /api/usagers/cle 200 - 190.125 ms
09/May/2026:23:06:09 +0000 => GET /api/usagers/cle 500 - 0.543 ms
09/May/2026:23:06:13 +0000 => GET /api/usagers/cle 500 - 1.622 ms
09/May/2026:23:06:20 +0000 => GET /api/usagers/cle 200 - 1095.687 ms
09/May/2026:23:06:23 +0000 => GET /api/usagers/cle 200 - 203.313 ms
09/May/2026:23:06:32 +0000 => POST /api/usagers 500 - 468.937 ms
09/May/2026:23:32:37 +0000 => POST /api/usagers 500 - 15.780 ms
09/May/2026:23:32:43 +0000 => POST /api/usagers 500 - 1493.856 ms
09/May/2026:23:33:17 +0000 => POST /api/usagers 201 - 2074.422 ms
09/May/2026:23:35:50 +0000 => GET /api/livres?tous=true 200 - 1184.561 ms
09/May/2026:23:38:13 +0000 => POST /api/livres 500 - 1086.583 ms
09/May/2026:23:38:33 +0000 => POST /api/livres 201 - 1178.472 ms
09/May/2026:23:38:38 +0000 => GET /api/livres?tous=true 200 - 278.330 ms
09/May/2026:23:39:24 +0000 => GET /api/livres 200 - 1712.937 ms
09/May/2026:23:41:16 +0000 => GET /api/docs/ 304 - 1.665 ms
09/May/2026:23:41:16 +0000 => GET /api/docs/swagger-ui.css 304 - 1.805 ms
09/May/2026:23:41:16 +0000 => GET /api/docs/swagger-ui-init.js 304 - 0.204 ms
09/May/2026:23:41:16 +0000 => GET /api/docs/swagger-ui-standalone-preset.js 304 - 0.981 ms
09/May/2026:23:41:16 +0000 => GET /api/docs/swagger-ui-bundle.js 304 - 1.637 ms
09/May/2026:23:41:17 +0000 => GET /api/docs/favicon-32x32.png 304 - 0.691 ms
09/May/2026:23:42:08 +0000 => GET /api/livres/1 404 - 1258.923 ms
09/May/2026:23:42:16 +0000 => GET /api/livres/1 404 - 381.225 ms
09/May/2026:23:42:25 +0000 => GET /api/livres/2 200 - 440.929 ms
09/May/2026:23:48:37 +0000 => POST /api/livres 201 - 1290.881 ms
09/May/2026:23:48:42 +0000 => GET /api/livres 200 - 290.566 ms
09/May/2026:23:48:47 +0000 => GET /api/livres/2 200 - 428.838 ms
09/May/2026:23:48:52 +0000 => GET /api/livres/3 200 - 425.266 ms
09/May/2026:23:54:31 +0000 => PUT /api/livres/3 404 - 1066.881 ms
09/May/2026:23:57:15 +0000 => PUT /api/livres/3 404 - 1113.486 ms
09/May/2026:23:58:52 +0000 => PUT /api/livres/3 500 - 1122.373 ms
09/May/2026:23:59:16 +0000 => PUT /api/livres/2 500 - 1024.395 ms
10/May/2026:00:00:58 +0000 => PUT /api/livres/3 500 - 1155.090 ms
10/May/2026:00:05:34 +0000 => PUT /api/livres/3 200 - 1424.907 ms
10/May/2026:00:09:23 +0000 => DELETE /api/livres/2 200 - 1656.539 ms
10/May/2026:00:10:42 +0000 => PATCH /api/livres/3/status 404 - 1241.291 ms
10/May/2026:00:11:16 +0000 => PATCH /api/livres/3/statut 500 - 1677.598 ms
10/May/2026:00:12:09 +0000 => GET /api/livres 200 - 1365.691 ms
10/May/2026:00:14:27 +0000 => PATCH /api/livres/3/statut 500 - 1903.817 ms
10/May/2026:00:15:42 +0000 => PATCH /api/livres/3/statut 200 - 1198.122 ms
10/May/2026:00:20:03 +0000 => POST /api/livres/3/prets 201 - 1422.439 ms
10/May/2026:00:21:39 +0000 => POST /api/prets/3/statut 404 - 1177.893 ms
10/May/2026:00:22:42 +0000 => PATCH /api/prets/3/statut 404 - 1204.110 ms
10/May/2026:00:22:49 +0000 => PATCH /api/prets/1/statut 200 - 287.614 ms
10/May/2026:00:36:20 +0000 => GET /api/docs/ 304 - 3.951 ms
10/May/2026:00:36:20 +0000 => GET /api/docs/swagger-ui.css 304 - 1.377 ms
10/May/2026:00:36:20 +0000 => GET /api/docs/swagger-ui-standalone-preset.js 304 - 0.868 ms
10/May/2026:00:36:20 +0000 => GET /api/docs/swagger-ui-init.js 200 - 0.417 ms
10/May/2026:00:36:20 +0000 => GET /api/docs/swagger-ui-bundle.js 304 - 3.455 ms
10/May/2026:00:36:20 +0000 => GET /api/docs/favicon-32x32.png 304 - 0.488 ms
10/May/2026:00:56:03 +0000 => GET /api/docs/ 304 - 2.625 ms
10/May/2026:00:56:03 +0000 => GET /api/docs/swagger-ui.css 304 - 0.692 ms
10/May/2026:00:56:03 +0000 => GET /api/docs/swagger-ui-init.js 200 - 0.437 ms
10/May/2026:00:56:03 +0000 => GET /api/docs/swagger-ui-bundle.js 304 - 3.354 ms
10/May/2026:00:56:03 +0000 => GET /api/docs/swagger-ui-standalone-preset.js 304 - 3.283 ms
10/May/2026:00:56:03 +0000 => GET /api/docs/favicon-32x32.png 304 - 0.499 ms
10/May/2026:00:56:54 +0000 => GET /api/docs/ 304 - 3.778 ms
10/May/2026:00:56:54 +0000 => GET /api/docs/swagger-ui.css 304 - 1.439 ms
10/May/2026:00:56:54 +0000 => GET /api/docs/swagger-ui-bundle.js 304 - 0.782 ms
10/May/2026:00:56:54 +0000 => GET /api/docs/swagger-ui-init.js 200 - 0.507 ms
10/May/2026:00:56:54 +0000 => GET /api/docs/swagger-ui-standalone-preset.js 304 - 2.820 ms
10/May/2026:00:56:54 +0000 => GET /api/docs/favicon-32x32.png 304 - 0.626 ms
10/May/2026:00:58:54 +0000 => GET /api/docs/ 304 - 3.799 ms
10/May/2026:00:58:54 +0000 => GET /api/docs/swagger-ui.css 304 - 0.700 ms
10/May/2026:00:58:54 +0000 => GET /api/docs/swagger-ui-init.js 200 - 0.424 ms
10/May/2026:00:58:54 +0000 => GET /api/docs/swagger-ui-bundle.js 304 - 3.589 ms
10/May/2026:00:58:54 +0000 => GET /api/docs/swagger-ui-standalone-preset.js 304 - 3.642 ms
10/May/2026:00:58:54 +0000 => GET /api/docs/favicon-32x32.png 304 - 0.516 ms
10/May/2026:01:03:12 +0000 => GET /api/docs/ 200 - 7.550 ms
10/May/2026:01:03:13 +0000 => GET /api/docs/swagger-ui.css 304 - 1.315 ms
10/May/2026:01:03:13 +0000 => GET /api/docs/swagger-ui-init.js 200 - 0.269 ms
10/May/2026:01:03:13 +0000 => GET /api/docs/swagger-ui-bundle.js 304 - 1.764 ms
10/May/2026:01:03:13 +0000 => GET /api/docs/swagger-ui-standalone-preset.js 304 - 1.926 ms
10/May/2026:01:03:13 +0000 => GET /api/docs/favicon-32x32.png 304 - 0.528 ms
10/May/2026:01:03:33 +0000 => GET /api/docs/ 304 - 1.386 ms
10/May/2026:01:03:33 +0000 => GET /api/docs/swagger-ui.css 304 - 0.720 ms
10/May/2026:01:03:33 +0000 => GET /api/docs/swagger-ui-init.js 304 - 0.232 ms
10/May/2026:01:03:33 +0000 => GET /api/docs/swagger-ui-bundle.js 304 - 1.832 ms
10/May/2026:01:03:33 +0000 => GET /api/docs/swagger-ui-standalone-preset.js 304 - 1.844 ms
10/May/2026:01:03:33 +0000 => GET /api/docs/favicon-32x32.png 304 - 0.492 ms
10/May/2026:01:04:39 +0000 => GET /api/docs/ 304 - 2.353 ms
10/May/2026:01:04:39 +0000 => GET /api/docs/swagger-ui.css 304 - 0.939 ms
10/May/2026:01:04:39 +0000 => GET /api/docs/swagger-ui-init.js 200 - 0.294 ms
10/May/2026:01:04:39 +0000 => GET /api/docs/swagger-ui-bundle.js 304 - 1.737 ms
10/May/2026:01:04:39 +0000 => GET /api/docs/swagger-ui-standalone-preset.js 304 - 1.924 ms
10/May/2026:01:04:39 +0000 => GET /api/docs/favicon-32x32.png 304 - 0.359 ms
10/May/2026:01:09:30 +0000 => GET /api/livres?tous=true 401 - 0.454 ms
10/May/2026:01:30:03 +0000 => GET /api/docs/ 304 - 0.941 ms
10/May/2026:01:30:03 +0000 => GET /api/docs/swagger-ui.css 304 - 0.504 ms
10/May/2026:01:30:03 +0000 => GET /api/docs/swagger-ui-init.js 304 - 0.189 ms
10/May/2026:01:30:03 +0000 => GET /api/docs/swagger-ui-bundle.js 304 - 1.240 ms
10/May/2026:01:30:03 +0000 => GET /api/docs/swagger-ui-standalone-preset.js 304 - 1.479 ms
10/May/2026:01:30:03 +0000 => GET /api/docs/favicon-32x32.png 304 - 0.501 ms
10/May/2026:01:46:53 +0000 => GET /api/docs/ 304 - 1.977 ms
10/May/2026:01:46:53 +0000 => GET /api/docs/swagger-ui-init.js 200 - 0.515 ms
10/May/2026:01:46:53 +0000 => GET /api/docs/swagger-ui.css 304 - 4.058 ms
10/May/2026:01:46:53 +0000 => GET /api/docs/swagger-ui-bundle.js 304 - 2.005 ms
10/May/2026:01:46:53 +0000 => GET /api/docs/swagger-ui-standalone-preset.js 304 - 1.186 ms
10/May/2026:01:46:53 +0000 => GET /api/docs/favicon-32x32.png 304 - 1.338 ms
10/May/2026:01:47:26 +0000 => GET /api/docs/ 304 - 2.464 ms
10/May/2026:01:47:26 +0000 => GET /api/docs/swagger-ui.css 304 - 0.816 ms
10/May/2026:01:47:26 +0000 => GET /api/docs/swagger-ui-init.js 200 - 0.423 ms
10/May/2026:01:47:26 +0000 => GET /api/docs/swagger-ui-bundle.js 304 - 0.435 ms
10/May/2026:01:47:26 +0000 => GET /api/docs/swagger-ui-standalone-preset.js 304 - 0.587 ms
10/May/2026:01:47:27 +0000 => GET /api/docs/favicon-32x32.png 304 - 0.563 ms
10/May/2026:01:50:31 +0000 => GET /api/usagers/cle 401 - 1169.122 ms
10/May/2026:01:50:41 +0000 => GET /api/usagers/cle 200 - 366.548 ms
10/May/2026:01:51:01 +0000 => GET /api/livres 200 - 1276.564 ms
10/May/2026:01:56:10 +0000 => GET /api/livres 401 - 1204.553 ms
10/May/2026:01:56:26 +0000 => GET /api/livres 200 - 1144.959 ms
10/May/2026:01:56:39 +0000 => GET /api/livres 200 - 1181.592 ms
10/May/2026:16:47:04 +0000 => GET /api/usagers/cle 200 - 1591.506 ms
10/May/2026:16:47:16 +0000 => GET /api/usagers/cle 200 - 1516.104 ms
10/May/2026:16:49:07 +0000 => GET /api/usagers/cle 200 - 1168.389 ms
10/May/2026:16:49:21 +0000 => GET /api/usagers/cle 200 - 1133.715 ms
10/May/2026:16:50:26 +0000 => GET /api/usagers/cle 400 - 1.339 ms
10/May/2026:16:50:40 +0000 => GET /api/usagers/cle 400 - 0.319 ms
10/May/2026:16:51:30 +0000 => GET /api/usagers/cle?courriel=2436836@etudiant.cegepvicto.ca&mot_de_passe=qwerty1234&nouvelle=1 200 - 1776.131 ms
10/May/2026:16:51:33 +0000 => GET /api/usagers/cle?courriel=2436836@etudiant.cegepvicto.ca&mot_de_passe=qwerty1234&nouvelle=1 200 - 355.620 ms
10/May/2026:16:53:41 +0000 => GET /api/docs/ 304 - 3.797 ms
10/May/2026:16:53:41 +0000 => GET /api/docs/swagger-ui-bundle.js 304 - 2.084 ms
10/May/2026:16:53:41 +0000 => GET /api/docs/swagger-ui-standalone-preset.js 304 - 0.994 ms
10/May/2026:16:53:41 +0000 => GET /api/docs/swagger-ui-init.js 200 - 0.459 ms
10/May/2026:16:53:41 +0000 => GET /api/docs/swagger-ui.css 304 - 2.845 ms
10/May/2026:16:56:34 +0000 => GET /api/usagers/cle?courriel=2436836@etudiant.cegepvicto.ca&mot_de_passe=qwerty1234&nouvelle=0 200 - 1197.790 ms
10/May/2026:17:19:08 +0000 => GET /api/docs/ 304 - 2.148 ms
10/May/2026:17:19:08 +0000 => GET /api/docs/swagger-ui.css 304 - 0.997 ms
10/May/2026:17:19:08 +0000 => GET /api/docs/swagger-ui-init.js 200 - 0.714 ms
10/May/2026:17:19:08 +0000 => GET /api/docs/swagger-ui-bundle.js 304 - 2.630 ms
10/May/2026:17:19:08 +0000 => GET /api/docs/swagger-ui-standalone-preset.js 304 - 2.818 ms
10/May/2026:17:19:09 +0000 => GET /api/docs/favicon-32x32.png 304 - 0.609 ms
10/May/2026:17:29:23 +0000 => GET /api/docs/ 304 - 2.554 ms
10/May/2026:17:29:23 +0000 => GET /api/docs/swagger-ui.css 304 - 0.870 ms
10/May/2026:17:29:23 +0000 => GET /api/docs/swagger-ui-init.js 200 - 0.291 ms
10/May/2026:17:29:23 +0000 => GET /api/docs/swagger-ui-standalone-preset.js 304 - 0.355 ms
10/May/2026:17:29:23 +0000 => GET /api/docs/swagger-ui-bundle.js 304 - 0.883 ms
10/May/2026:17:29:23 +0000 => GET /api/docs/favicon-32x32.png 304 - 0.396 ms
10/May/2026:17:30:30 +0000 => POST /api/livres/3/pr%C3%AAt%20 401 - 1143.893 ms
10/May/2026:17:30:55 +0000 => POST /api/livres/1/pr%C3%AAt%20 401 - 1004.704 ms
10/May/2026:17:31:44 +0000 => PATCH /api/livres/1/prets 404 - 1067.822 ms
10/May/2026:17:31:58 +0000 => PATCH /api/livres/1/prets 404 - 1503.020 ms
10/May/2026:17:33:02 +0000 => PATCH /api/livres/1/statut 200 - 1729.896 ms
10/May/2026:17:33:23 +0000 => POST /api/livres/1/prets%20 401 - 1137.086 ms
10/May/2026:17:33:31 +0000 => POST /api/livres/1/prets%20 404 - 138.262 ms
10/May/2026:17:34:34 +0000 => POST /api/livres/1/prets%20 404 - 1102.551 ms
10/May/2026:17:34:54 +0000 => POST /api/livres/1/prets 500 - 1073.102 ms
10/May/2026:17:35:01 +0000 => POST /api/livres/1/prets 500 - 141.068 ms
10/May/2026:17:35:37 +0000 => POST /api/livres/1/prets 201 - 1810.661 ms
10/May/2026:17:36:21 +0000 => PATCH /api/prets/1/statut 401 - 1472.476 ms
10/May/2026:17:36:38 +0000 => PATCH /api/prets/1/statut 401 - 1032.745 ms
10/May/2026:17:36:45 +0000 => PATCH /api/prets/1/statut 200 - 293.166 ms
10/May/2026:17:37:31 +0000 => DELETE /api/prets/1 401 - 1494.357 ms
10/May/2026:17:38:22 +0000 => DELETE /api/prets/1 200 - 1198.569 ms
10/May/2026:17:39:21 +0000 => POST /api/livres 201 - 1193.443 ms
